# JRE version: Java(TM) SE Runtime Environment (17.0.10+11) (build 17.0.10+11-LTS-240)
# Java VM: Java HotSpot(TM) 64-Bit Server VM (17.0.10+11-LTS-240, mixed mode, sharing, tiered, compressed oops, compressed class ptrs, g1 gc, windows-amd64)
GC Precious Log:
 CPUs: 8 total, 8 available
 Memory: 7914M
 Large Page Support: Disabled
 NUMA Support: Disabled
 Compressed Oops: Enabled (32-bit)
 Heap Region Size: 1M
 Heap Min Capacity: 8M
 Heap Initial Capacity: 124M
 Heap Max Capacity: 2G
 Pre-touch: Disabled
 Parallel Workers: 8
 Concurrent Workers: 2
 Concurrent Refinement Workers: 8
 Periodic GC: Disabled
Heap:
 garbage-first heap   total 126976K, used 68206K [0x0000000080000000, 0x0000000100000000)
  region size 1024K, 1 young (1024K), 1 survivors (1024K)
 Metaspace       used 65664K, committed 66304K, reserved 491520K
  class space    used 9203K, committed 9536K, reserved 425984K
GC Heap History (20 events):
Event: 12.141 GC heap after
{Heap after GC invocations=15 (full 0):
 garbage-first heap   total 89088K, used 43255K [0x0000000080000000, 0x0000000100000000)
  region size 1024K, 3 young (3072K), 3 survivors (3072K)
 Metaspace       used 54979K, committed 55552K, reserved 491520K
  class space    used 7593K, committed 7872K, reserved 425984K
}
Event: 13.162 GC heap before
{Heap before GC invocations=16 (full 0):
 garbage-first heap   total 89088K, used 70903K [0x0000000080000000, 0x0000000100000000)
  region size 1024K, 30 young (30720K), 3 survivors (3072K)
 Metaspace       used 57545K, committed 58112K, reserved 491520K
  class space    used 8018K, committed 8256K, reserved 425984K
}
Event: 13.168 GC heap after
{Heap after GC invocations=17 (full 0):
 garbage-first heap   total 89088K, used 45364K [0x0000000080000000, 0x0000000100000000)
  region size 1024K, 4 young (4096K), 4 survivors (4096K)
 Metaspace       used 57545K, committed 58112K, reserved 491520K
  class space    used 8018K, committed 8256K, reserved 425984K
}
Event: 13.526 GC heap before
{Heap before GC invocations=17 (full 0):
 garbage-first heap   total 89088K, used 69940K [0x0000000080000000, 0x0000000100000000)
  region size 1024K, 29 young (29696K), 4 survivors (4096K)
 Metaspace       used 57945K, committed 58560K, reserved 491520K
  class space    used 8045K, committed 8320K, reserved 425984K
}
Event: 13.533 GC heap after
{Heap after GC invocations=18 (full 0):
 garbage-first heap   total 89088K, used 49854K [0x0000000080000000, 0x0000000100000000)
  region size 1024K, 4 young (4096K), 4 survivors (4096K)
 Metaspace       used 57945K, committed 58560K, reserved 491520K
  class space    used 8045K, committed 8320K, reserved 425984K
}
Event: 13.901 GC heap before
{Heap before GC invocations=19 (full 0):
 garbage-first heap   total 97280K, used 69310K [0x0000000080000000, 0x0000000100000000)
  region size 1024K, 24 young (24576K), 4 survivors (4096K)
 Metaspace       used 59415K, committed 60032K, reserved 491520K
  class space    used 8285K, committed 8576K, reserved 425984K
}
Event: 13.906 GC heap after
{Heap after GC invocations=20 (full 0):
 garbage-first heap   total 97280K, used 51500K [0x0000000080000000, 0x0000000100000000)
  region size 1024K, 3 young (3072K), 3 survivors (3072K)
 Metaspace       used 59415K, committed 60032K, reserved 491520K
  class space    used 8285K, committed 8576K, reserved 425984K
}
Event: 13.927 GC heap before
{Heap before GC invocations=20 (full 0):
 garbage-first heap   total 97280K, used 52524K [0x0000000080000000, 0x0000000100000000)
  region size 1024K, 4 young (4096K), 3 survivors (3072K)
 Metaspace       used 59490K, committed 60096K, reserved 491520K
  class space    used 8294K, committed 8576K, reserved 425984K
}
Event: 13.930 GC heap after
{Heap after GC invocations=21 (full 0):
 garbage-first heap   total 97280K, used 51791K [0x0000000080000000, 0x0000000100000000)
  region size 1024K, 1 young (1024K), 1 survivors (1024K)
 Metaspace       used 59490K, committed 60096K, reserved 491520K
  class space    used 8294K, committed 8576K, reserved 425984K
}
Event: 14.307 GC heap before
{Heap before GC invocations=21 (full 0):
 garbage-first heap   total 97280K, used 68175K [0x0000000080000000, 0x0000000100000000)
  region size 1024K, 18 young (18432K), 1 survivors (1024K)
 Metaspace       used 60850K, committed 61440K, reserved 491520K
  class space    used 8538K, committed 8832K, reserved 425984K
}
Event: 14.311 GC heap after
{Heap after GC invocations=22 (full 0):
 garbage-first heap   total 97280K, used 52476K [0x0000000080000000, 0x0000000100000000)
  region size 1024K, 2 young (2048K), 2 survivors (2048K)
 Metaspace       used 60850K, committed 61440K, reserved 491520K
  class space    used 8538K, committed 8832K, reserved 425984K
}
Event: 15.039 GC heap before
{Heap before GC invocations=23 (full 0):
 garbage-first heap   total 99328K, used 88316K [0x0000000080000000, 0x0000000100000000)
  region size 1024K, 26 young (26624K), 2 survivors (2048K)
 Metaspace       used 63197K, committed 63872K, reserved 491520K
  class space    used 8876K, committed 9216K, reserved 425984K
}
Event: 15.044 GC heap after
{Heap after GC invocations=24 (full 0):
 garbage-first heap   total 99328K, used 67139K [0x0000000080000000, 0x0000000100000000)
  region size 1024K, 4 young (4096K), 4 survivors (4096K)
 Metaspace       used 63197K, committed 63872K, reserved 491520K
  class space    used 8876K, committed 9216K, reserved 425984K
}
Event: 15.061 GC heap before
{Heap before GC invocations=24 (full 0):
 garbage-first heap   total 99328K, used 68163K [0x0000000080000000, 0x0000000100000000)
  region size 1024K, 5 young (5120K), 4 survivors (4096K)
 Metaspace       used 63263K, committed 63936K, reserved 491520K
  class space    used 8886K, committed 9216K, reserved 425984K
}
Event: 15.066 GC heap after
{Heap after GC invocations=25 (full 0):
 garbage-first heap   total 99328K, used 66604K [0x0000000080000000, 0x0000000100000000)
  region size 1024K, 1 young (1024K), 1 survivors (1024K)
 Metaspace       used 63263K, committed 63936K, reserved 491520K
  class space    used 8886K, committed 9216K, reserved 425984K
}
Event: 15.433 GC heap before
{Heap before GC invocations=25 (full 0):
 garbage-first heap   total 99328K, used 81964K [0x0000000080000000, 0x0000000100000000)
  region size 1024K, 16 young (16384K), 1 survivors (1024K)
 Metaspace       used 64528K, committed 65152K, reserved 491520K
  class space    used 9033K, committed 9344K, reserved 425984K
}
Event: 15.437 GC heap after
{Heap after GC invocations=26 (full 0):
 garbage-first heap   total 99328K, used 67308K [0x0000000080000000, 0x0000000100000000)
  region size 1024K, 1 young (1024K), 1 survivors (1024K)
 Metaspace       used 64528K, committed 65152K, reserved 491520K
  class space    used 9033K, committed 9344K, reserved 425984K
}
Event: 15.935 GC heap before
{Heap before GC invocations=27 (full 0):
 garbage-first heap   total 114688K, used 81644K [0x0000000080000000, 0x0000000100000000)
  region size 1024K, 15 young (15360K), 1 survivors (1024K)
 Metaspace       used 65528K, committed 66176K, reserved 491520K
  class space    used 9178K, committed 9536K, reserved 425984K
}
Event: 15.938 GC heap after
{Heap after GC invocations=28 (full 0):
 garbage-first heap   total 114688K, used 68518K [0x0000000080000000, 0x0000000100000000)
  region size 1024K, 2 young (2048K), 2 survivors (2048K)
 Metaspace       used 65528K, committed 66176K, reserved 491520K
  class space    used 9178K, committed 9536K, reserved 425984K
}
Event: 15.986 GC heap before
{Heap before GC invocations=28 (full 0):
 garbage-first heap   total 114688K, used 71590K [0x0000000080000000, 0x0000000100000000)
  region size 1024K, 5 young (5120K), 2 survivors (2048K)
 Metaspace       used 65664K, committed 66304K, reserved 491520K
  class space    used 9203K, committed 9536K, reserved 425984K
}

