# JRE version: Java(TM) SE Runtime Environment (17.0.10+11) (build 17.0.10+11-LTS-240)
# Java VM: Java HotSpot(TM) 64-Bit Server VM (17.0.10+11-LTS-240, mixed mode, sharing, tiered, compressed oops, compressed class ptrs, g1 gc, windows-amd64)
GC Precious Log:
 CPUs: 8 total, 8 available
 Memory: 7914M
 Large Page Support: Disabled
 NUMA Support: Disabled
 Compressed Oops: Enabled (32-bit)
 Heap Region Size: 1M
 Heap Min Capacity: 8M
 Heap Initial Capacity: 124M
 Heap Max Capacity: 2G
 Pre-touch: Disabled
 Parallel Workers: 8
 Concurrent Workers: 2
 Concurrent Refinement Workers: 8
 Periodic GC: Disabled
Heap:
 garbage-first heap   total 89088K, used 61247K [0x0000000080000000, 0x0000000100000000)
  region size 1024K, 32 young (32768K), 5 survivors (5120K)
 Metaspace       used 43969K, committed 44416K, reserved 491520K
  class space    used 6136K, committed 6336K, reserved 425984K
GC Heap History (20 events):
Event: 1.220 GC heap before
{Heap before GC invocations=0 (full 0):
 garbage-first heap   total 126976K, used 26624K [0x0000000080000000, 0x0000000100000000)
  region size 1024K, 23 young (23552K), 0 survivors (0K)
 Metaspace       used 2100K, committed 2240K, reserved 491520K
  class space    used 225K, committed 320K, reserved 425984K
}
Event: 1.229 GC heap after
{Heap after GC invocations=1 (full 0):
 garbage-first heap   total 126976K, used 10464K [0x0000000080000000, 0x0000000100000000)
  region size 1024K, 3 young (3072K), 3 survivors (3072K)
 Metaspace       used 2100K, committed 2240K, reserved 491520K
  class space    used 225K, committed 320K, reserved 425984K
}
Event: 2.299 GC heap before
{Heap before GC invocations=1 (full 0):
 garbage-first heap   total 126976K, used 36064K [0x0000000080000000, 0x0000000100000000)
  region size 1024K, 28 young (28672K), 3 survivors (3072K)
 Metaspace       used 4051K, committed 4224K, reserved 491520K
  class space    used 503K, committed 640K, reserved 425984K
}
Event: 2.306 GC heap after
{Heap after GC invocations=2 (full 0):
 garbage-first heap   total 126976K, used 12066K [0x0000000080000000, 0x0000000100000000)
  region size 1024K, 2 young (2048K), 2 survivors (2048K)
 Metaspace       used 4051K, committed 4224K, reserved 491520K
  class space    used 503K, committed 640K, reserved 425984K
}
Event: 3.805 GC heap before
{Heap before GC invocations=2 (full 0):
 garbage-first heap   total 126976K, used 76578K [0x0000000080000000, 0x0000000100000000)
  region size 1024K, 63 young (64512K), 2 survivors (2048K)
 Metaspace       used 11688K, committed 11904K, reserved 491520K
  class space    used 1587K, committed 1728K, reserved 425984K
}
Event: 3.811 GC heap after
{Heap after GC invocations=3 (full 0):
 garbage-first heap   total 126976K, used 20243K [0x0000000080000000, 0x0000000100000000)
  region size 1024K, 8 young (8192K), 8 survivors (8192K)
 Metaspace       used 11688K, committed 11904K, reserved 491520K
  class space    used 1587K, committed 1728K, reserved 425984K
}
Event: 5.110 GC heap before
{Heap before GC invocations=3 (full 0):
 garbage-first heap   total 126976K, used 79635K [0x0000000080000000, 0x0000000100000000)
  region size 1024K, 67 young (68608K), 8 survivors (8192K)
 Metaspace       used 20018K, committed 20288K, reserved 491520K
  class space    used 2909K, committed 3008K, reserved 425984K
}
Event: 5.119 GC heap after
{Heap after GC invocations=4 (full 0):
 garbage-first heap   total 126976K, used 24008K [0x0000000080000000, 0x0000000100000000)
  region size 1024K, 4 young (4096K), 4 survivors (4096K)
 Metaspace       used 20018K, committed 20288K, reserved 491520K
  class space    used 2909K, committed 3008K, reserved 425984K
}
Event: 5.273 GC heap before
{Heap before GC invocations=4 (full 0):
 garbage-first heap   total 126976K, used 31176K [0x0000000080000000, 0x0000000100000000)
  region size 1024K, 12 young (12288K), 4 survivors (4096K)
 Metaspace       used 21197K, committed 21504K, reserved 491520K
  class space    used 3090K, committed 3264K, reserved 425984K
}
Event: 5.276 GC heap after
{Heap after GC invocations=5 (full 0):
 garbage-first heap   total 126976K, used 24406K [0x0000000080000000, 0x0000000100000000)
  region size 1024K, 5 young (5120K), 5 survivors (5120K)
 Metaspace       used 21197K, committed 21504K, reserved 491520K
  class space    used 3090K, committed 3264K, reserved 425984K
}
Event: 6.087 GC heap before
{Heap before GC invocations=6 (full 0):
 garbage-first heap   total 89088K, used 72534K [0x0000000080000000, 0x0000000100000000)
  region size 1024K, 52 young (53248K), 5 survivors (5120K)
 Metaspace       used 26934K, committed 27264K, reserved 491520K
  class space    used 3924K, committed 4096K, reserved 425984K
}
Event: 6.093 GC heap after
{Heap after GC invocations=7 (full 0):
 garbage-first heap   total 89088K, used 26427K [0x0000000080000000, 0x0000000100000000)
  region size 1024K, 3 young (3072K), 3 survivors (3072K)
 Metaspace       used 26934K, committed 27264K, reserved 491520K
  class space    used 3924K, committed 4096K, reserved 425984K
}
Event: 6.684 GC heap before
{Heap before GC invocations=7 (full 0):
 garbage-first heap   total 89088K, used 65339K [0x0000000080000000, 0x0000000100000000)
  region size 1024K, 42 young (43008K), 3 survivors (3072K)
 Metaspace       used 32049K, committed 32448K, reserved 491520K
  class space    used 4532K, committed 4736K, reserved 425984K
}
Event: 6.691 GC heap after
{Heap after GC invocations=8 (full 0):
 garbage-first heap   total 89088K, used 30074K [0x0000000080000000, 0x0000000100000000)
  region size 1024K, 6 young (6144K), 6 survivors (6144K)
 Metaspace       used 32049K, committed 32448K, reserved 491520K
  class space    used 4532K, committed 4736K, reserved 425984K
}
Event: 7.436 GC heap before
{Heap before GC invocations=8 (full 0):
 garbage-first heap   total 89088K, used 71034K [0x0000000080000000, 0x0000000100000000)
  region size 1024K, 42 young (43008K), 6 survivors (6144K)
 Metaspace       used 35629K, committed 36096K, reserved 491520K
  class space    used 4978K, committed 5184K, reserved 425984K
}
Event: 7.442 GC heap after
{Heap after GC invocations=9 (full 0):
 garbage-first heap   total 89088K, used 32800K [0x0000000080000000, 0x0000000100000000)
  region size 1024K, 3 young (3072K), 3 survivors (3072K)
 Metaspace       used 35629K, committed 36096K, reserved 491520K
  class space    used 4978K, committed 5184K, reserved 425984K
}
Event: 7.539 GC heap before
{Heap before GC invocations=9 (full 0):
 garbage-first heap   total 89088K, used 40992K [0x0000000080000000, 0x0000000100000000)
  region size 1024K, 12 young (12288K), 3 survivors (3072K)
 Metaspace       used 35703K, committed 36096K, reserved 491520K
  class space    used 4983K, committed 5184K, reserved 425984K
}
Event: 7.541 GC heap after
{Heap after GC invocations=10 (full 0):
 garbage-first heap   total 89088K, used 32735K [0x0000000080000000, 0x0000000100000000)
  region size 1024K, 3 young (3072K), 3 survivors (3072K)
 Metaspace       used 35703K, committed 36096K, reserved 491520K
  class space    used 4983K, committed 5184K, reserved 425984K
}
Event: 8.255 GC heap before
{Heap before GC invocations=11 (full 0):
 garbage-first heap   total 89088K, used 69599K [0x0000000080000000, 0x0000000100000000)
  region size 1024K, 39 young (39936K), 3 survivors (3072K)
 Metaspace       used 39214K, committed 39680K, reserved 491520K
  class space    used 5546K, committed 5760K, reserved 425984K
}
Event: 8.259 GC heap after
{Heap after GC invocations=12 (full 0):
 garbage-first heap   total 89088K, used 34623K [0x0000000080000000, 0x0000000100000000)
  region size 1024K, 5 young (5120K), 5 survivors (5120K)
 Metaspace       used 39214K, committed 39680K, reserved 491520K
  class space    used 5546K, committed 5760K, reserved 425984K
}

